[ 2016-01-03T17:03:13+08:00 ] 127.0.0.1 /
INFO: [ app_init ] --START--
INFO: Run Behavior\BuildLiteBehavior [ RunTime:0.000091s ]
INFO: [ app_init ] --END-- [ RunTime:0.066888s ]
INFO: [ app_begin ] --START--
INFO: Run Behavior\ReadHtmlCacheBehavior [ RunTime:0.001910s ]
INFO: [ app_begin ] --END-- [ RunTime:0.002198s ]
NOTIC: [2] Missing argument 1 for Think\Controller::show(), called in E:\guojiu_weixin\Application\Home\Controller\IndexController.class.php on line 7 and defined E:\guojiu_weixin\ThinkPHP\Library\Think\Controller.class.php 第 68 行.
NOTIC: [8] Undefined variable: content E:\guojiu_weixin\ThinkPHP\Library\Think\Controller.class.php 第 69 行.
INFO: [ view_parse ] --START--
INFO: [ template_filter ] --START--
INFO: Run Behavior\ContentReplaceBehavior [ RunTime:0.000233s ]
INFO: [ template_filter ] --END-- [ RunTime:0.000640s ]
INFO: Run Behavior\ParseTemplateBehavior [ RunTime:0.072736s ]
INFO: [ view_parse ] --END-- [ RunTime:0.073046s ]
INFO: [ view_filter ] --START--
INFO: Run Behavior\WriteHtmlCacheBehavior [ RunTime:0.018805s ]
INFO: [ view_filter ] --END-- [ RunTime:0.019195s ]
INFO: [ app_end ] --START--
INFO: Run Behavior\ShowPageTraceBehavior [ RunTime:0.004374s ]
INFO: [ app_end ] --END-- [ RunTime:0.004785s ]

[ 2016-01-03T17:03:14+08:00 ] 127.0.0.1 /index.php/Admin/Goods/indexlst
INFO: [ app_init ] --START--
INFO: Run Behavior\BuildLiteBehavior [ RunTime:0.000032s ]
INFO: [ app_init ] --END-- [ RunTime:0.000724s ]
INFO: [ app_begin ] --START--
INFO: Run Behavior\ReadHtmlCacheBehavior [ RunTime:0.000801s ]
INFO: [ app_begin ] --END-- [ RunTime:0.000939s ]
SQL: SHOW COLUMNS FROM `php34_goods` [ RunTime:0.071767s ]
SQL: SELECT COUNT(*) AS tp_count FROM `php34_goods` LIMIT 1   [ RunTime:0.000485s ]
SQL: SELECT * FROM `php34_goods` ORDER BY id asc LIMIT 0,4   [ RunTime:0.024256s ]

[ 2016-01-03T17:03:16+08:00 ] 127.0.0.1 /index.php/Admin/Goods/indexlst
INFO: [ app_init ] --START--
INFO: Run Behavior\BuildLiteBehavior [ RunTime:0.000034s ]
INFO: [ app_init ] --END-- [ RunTime:0.000858s ]
INFO: [ app_begin ] --START--
INFO: Run Behavior\ReadHtmlCacheBehavior [ RunTime:0.000723s ]
INFO: [ app_begin ] --END-- [ RunTime:0.000855s ]
SQL: SHOW COLUMNS FROM `php34_goods` [ RunTime:0.005007s ]
SQL: SELECT COUNT(*) AS tp_count FROM `php34_goods` LIMIT 1   [ RunTime:0.000217s ]
SQL: SELECT * FROM `php34_goods` ORDER BY id asc LIMIT 0,4   [ RunTime:0.000351s ]

[ 2016-01-03T17:03:23+08:00 ] 127.0.0.1 /index.php/Admin/Goods/indexlst
INFO: [ app_init ] --START--
INFO: Run Behavior\BuildLiteBehavior [ RunTime:0.000033s ]
INFO: [ app_init ] --END-- [ RunTime:0.000594s ]
INFO: [ app_begin ] --START--
INFO: Run Behavior\ReadHtmlCacheBehavior [ RunTime:0.000693s ]
INFO: [ app_begin ] --END-- [ RunTime:0.000833s ]
SQL: SHOW COLUMNS FROM `php34_goods` [ RunTime:0.004706s ]
SQL: SELECT COUNT(*) AS tp_count FROM `php34_goods` LIMIT 1   [ RunTime:0.000214s ]
SQL: SELECT * FROM `php34_goods` ORDER BY id asc LIMIT 0,4   [ RunTime:0.000399s ]

[ 2016-01-03T17:03:38+08:00 ] 127.0.0.1 /Index.php/Admin/Goods/getGood?id=2
INFO: [ app_init ] --START--
INFO: Run Behavior\BuildLiteBehavior [ RunTime:0.000051s ]
INFO: [ app_init ] --END-- [ RunTime:0.000914s ]
INFO: [ app_begin ] --START--
INFO: Run Behavior\ReadHtmlCacheBehavior [ RunTime:0.001136s ]
INFO: [ app_begin ] --END-- [ RunTime:0.001381s ]
SQL: SHOW COLUMNS FROM `php34_goods` [ RunTime:0.007051s ]
SQL: SELECT * FROM `php34_goods` WHERE ( id=2 )  [ RunTime:0.041800s ]

[ 2016-01-03T17:03:41+08:00 ] 127.0.0.1 /
INFO: [ app_init ] --START--
INFO: Run Behavior\BuildLiteBehavior [ RunTime:0.000035s ]
INFO: [ app_init ] --END-- [ RunTime:0.000700s ]
INFO: [ app_begin ] --START--
INFO: Run Behavior\ReadHtmlCacheBehavior [ RunTime:0.000794s ]
INFO: [ app_begin ] --END-- [ RunTime:0.000943s ]
NOTIC: [2] Missing argument 1 for Think\Controller::show(), called in E:\guojiu_weixin\Application\Home\Controller\IndexController.class.php on line 7 and defined E:\guojiu_weixin\ThinkPHP\Library\Think\Controller.class.php 第 68 行.
NOTIC: [8] Undefined variable: content E:\guojiu_weixin\ThinkPHP\Library\Think\Controller.class.php 第 69 行.
INFO: [ view_parse ] --START--
INFO: [ template_filter ] --START--
INFO: Run Behavior\ContentReplaceBehavior [ RunTime:0.000100s ]
INFO: [ template_filter ] --END-- [ RunTime:0.000276s ]
INFO: Run Behavior\ParseTemplateBehavior [ RunTime:0.009680s ]
INFO: [ view_parse ] --END-- [ RunTime:0.009837s ]
INFO: [ view_filter ] --START--
INFO: Run Behavior\WriteHtmlCacheBehavior [ RunTime:0.000520s ]
INFO: [ view_filter ] --END-- [ RunTime:0.000662s ]
INFO: [ app_end ] --START--
INFO: Run Behavior\ShowPageTraceBehavior [ RunTime:0.000904s ]
INFO: [ app_end ] --END-- [ RunTime:0.001056s ]

[ 2016-01-03T17:03:42+08:00 ] 127.0.0.1 /Index.php/Admin/Goods/getGood?id=2
INFO: [ app_init ] --START--
INFO: Run Behavior\BuildLiteBehavior [ RunTime:0.000050s ]
INFO: [ app_init ] --END-- [ RunTime:0.000997s ]
INFO: [ app_begin ] --START--
INFO: Run Behavior\ReadHtmlCacheBehavior [ RunTime:0.001371s ]
INFO: [ app_begin ] --END-- [ RunTime:0.001619s ]
SQL: SHOW COLUMNS FROM `php34_goods` [ RunTime:0.004831s ]
SQL: SELECT * FROM `php34_goods` WHERE ( id=2 )  [ RunTime:0.000390s ]

[ 2016-01-03T17:03:43+08:00 ] 127.0.0.1 /index.php/Admin/Goods/indexlst
INFO: [ app_init ] --START--
INFO: Run Behavior\BuildLiteBehavior [ RunTime:0.000031s ]
INFO: [ app_init ] --END-- [ RunTime:0.000569s ]
INFO: [ app_begin ] --START--
INFO: Run Behavior\ReadHtmlCacheBehavior [ RunTime:0.000930s ]
INFO: [ app_begin ] --END-- [ RunTime:0.001111s ]
SQL: SHOW COLUMNS FROM `php34_goods` [ RunTime:0.005318s ]
SQL: SELECT COUNT(*) AS tp_count FROM `php34_goods` LIMIT 1   [ RunTime:0.000294s ]
SQL: SELECT * FROM `php34_goods` ORDER BY id asc LIMIT 0,4   [ RunTime:0.000575s ]

[ 2016-01-03T17:03:46+08:00 ] 127.0.0.1 /index.php/Admin/Goods/indexlst
INFO: [ app_init ] --START--
INFO: Run Behavior\BuildLiteBehavior [ RunTime:0.000032s ]
INFO: [ app_init ] --END-- [ RunTime:0.000603s ]
INFO: [ app_begin ] --START--
INFO: Run Behavior\ReadHtmlCacheBehavior [ RunTime:0.000758s ]
INFO: [ app_begin ] --END-- [ RunTime:0.000904s ]
SQL: SHOW COLUMNS FROM `php34_goods` [ RunTime:0.006613s ]
SQL: SELECT COUNT(*) AS tp_count FROM `php34_goods` LIMIT 1   [ RunTime:0.000356s ]
SQL: SELECT * FROM `php34_goods` ORDER BY id asc LIMIT 0,4   [ RunTime:0.000582s ]

[ 2016-01-03T17:03:49+08:00 ] 127.0.0.1 /Index.php/Admin/Goods/getGood?id=2
INFO: [ app_init ] --START--
INFO: Run Behavior\BuildLiteBehavior [ RunTime:0.000032s ]
INFO: [ app_init ] --END-- [ RunTime:0.000576s ]
INFO: [ app_begin ] --START--
INFO: Run Behavior\ReadHtmlCacheBehavior [ RunTime:0.000714s ]
INFO: [ app_begin ] --END-- [ RunTime:0.000854s ]
SQL: SHOW COLUMNS FROM `php34_goods` [ RunTime:0.005089s ]
SQL: SELECT * FROM `php34_goods` WHERE ( id=2 )  [ RunTime:0.000514s ]

[ 2016-01-03T17:04:18+08:00 ] 127.0.0.1 /
INFO: [ app_init ] --START--
INFO: Run Behavior\BuildLiteBehavior [ RunTime:0.000031s ]
INFO: [ app_init ] --END-- [ RunTime:0.000600s ]
INFO: [ app_begin ] --START--
INFO: Run Behavior\ReadHtmlCacheBehavior [ RunTime:0.000670s ]
INFO: [ app_begin ] --END-- [ RunTime:0.000806s ]
NOTIC: [2] Missing argument 1 for Think\Controller::show(), called in E:\guojiu_weixin\Application\Home\Controller\IndexController.class.php on line 7 and defined E:\guojiu_weixin\ThinkPHP\Library\Think\Controller.class.php 第 68 行.
NOTIC: [8] Undefined variable: content E:\guojiu_weixin\ThinkPHP\Library\Think\Controller.class.php 第 69 行.
INFO: [ view_parse ] --START--
INFO: [ template_filter ] --START--
INFO: Run Behavior\ContentReplaceBehavior [ RunTime:0.000090s ]
INFO: [ template_filter ] --END-- [ RunTime:0.000243s ]
INFO: Run Behavior\ParseTemplateBehavior [ RunTime:0.010573s ]
INFO: [ view_parse ] --END-- [ RunTime:0.011637s ]
INFO: [ view_filter ] --START--
INFO: Run Behavior\WriteHtmlCacheBehavior [ RunTime:0.000638s ]
INFO: [ view_filter ] --END-- [ RunTime:0.000763s ]
INFO: [ app_end ] --START--
INFO: Run Behavior\ShowPageTraceBehavior [ RunTime:0.000916s ]
INFO: [ app_end ] --END-- [ RunTime:0.001044s ]

[ 2016-01-03T17:04:19+08:00 ] 127.0.0.1 /Index.php/Admin/Goods/getGood?id=2
INFO: [ app_init ] --START--
INFO: Run Behavior\BuildLiteBehavior [ RunTime:0.000052s ]
INFO: [ app_init ] --END-- [ RunTime:0.001056s ]
INFO: [ app_begin ] --START--
INFO: Run Behavior\ReadHtmlCacheBehavior [ RunTime:0.001063s ]
INFO: [ app_begin ] --END-- [ RunTime:0.001222s ]
SQL: SHOW COLUMNS FROM `php34_goods` [ RunTime:0.006974s ]
SQL: SELECT * FROM `php34_goods` WHERE ( id=2 )  [ RunTime:0.000630s ]

[ 2016-01-03T17:04:21+08:00 ] 127.0.0.1 /index.php/Admin/Goods/indexlst
INFO: [ app_init ] --START--
INFO: Run Behavior\BuildLiteBehavior [ RunTime:0.000031s ]
INFO: [ app_init ] --END-- [ RunTime:0.000625s ]
INFO: [ app_begin ] --START--
INFO: Run Behavior\ReadHtmlCacheBehavior [ RunTime:0.001053s ]
INFO: [ app_begin ] --END-- [ RunTime:0.001240s ]
SQL: SHOW COLUMNS FROM `php34_goods` [ RunTime:0.004552s ]
SQL: SELECT COUNT(*) AS tp_count FROM `php34_goods` LIMIT 1   [ RunTime:0.000361s ]
SQL: SELECT * FROM `php34_goods` ORDER BY id asc LIMIT 0,4   [ RunTime:0.000598s ]

[ 2016-01-03T17:04:22+08:00 ] 127.0.0.1 /Index.php/Admin/Goods/getGood?id=1
INFO: [ app_init ] --START--
INFO: Run Behavior\BuildLiteBehavior [ RunTime:0.000033s ]
INFO: [ app_init ] --END-- [ RunTime:0.000862s ]
INFO: [ app_begin ] --START--
INFO: Run Behavior\ReadHtmlCacheBehavior [ RunTime:0.000945s ]
INFO: [ app_begin ] --END-- [ RunTime:0.001101s ]
SQL: SHOW COLUMNS FROM `php34_goods` [ RunTime:0.005544s ]
SQL: SELECT * FROM `php34_goods` WHERE ( id=1 )  [ RunTime:0.000595s ]

[ 2016-01-03T17:04:23+08:00 ] 127.0.0.1 /index.php/Admin/Goods/indexlst
INFO: [ app_init ] --START--
INFO: Run Behavior\BuildLiteBehavior [ RunTime:0.000053s ]
INFO: [ app_init ] --END-- [ RunTime:0.000904s ]
INFO: [ app_begin ] --START--
INFO: Run Behavior\ReadHtmlCacheBehavior [ RunTime:0.001082s ]
INFO: [ app_begin ] --END-- [ RunTime:0.001392s ]
SQL: SHOW COLUMNS FROM `php34_goods` [ RunTime:0.004555s ]
SQL: SELECT COUNT(*) AS tp_count FROM `php34_goods` LIMIT 1   [ RunTime:0.000295s ]
SQL: SELECT * FROM `php34_goods` ORDER BY id asc LIMIT 0,4   [ RunTime:0.000481s ]

[ 2016-01-03T17:04:24+08:00 ] 127.0.0.1 /Index.php/Admin/Goods/getGood?id=2
INFO: [ app_init ] --START--
INFO: Run Behavior\BuildLiteBehavior [ RunTime:0.000032s ]
INFO: [ app_init ] --END-- [ RunTime:0.000566s ]
INFO: [ app_begin ] --START--
INFO: Run Behavior\ReadHtmlCacheBehavior [ RunTime:0.000767s ]
INFO: [ app_begin ] --END-- [ RunTime:0.000950s ]
SQL: SHOW COLUMNS FROM `php34_goods` [ RunTime:0.005338s ]
SQL: SELECT * FROM `php34_goods` WHERE ( id=2 )  [ RunTime:0.000589s ]

[ 2016-01-03T17:04:29+08:00 ] 127.0.0.1 /index.php/Admin/Goods/indexlst
INFO: [ app_init ] --START--
INFO: Run Behavior\BuildLiteBehavior [ RunTime:0.000075s ]
INFO: [ app_init ] --END-- [ RunTime:0.000921s ]
INFO: [ app_begin ] --START--
INFO: Run Behavior\ReadHtmlCacheBehavior [ RunTime:0.001090s ]
INFO: [ app_begin ] --END-- [ RunTime:0.001339s ]
SQL: SHOW COLUMNS FROM `php34_goods` [ RunTime:0.006121s ]
SQL: SELECT COUNT(*) AS tp_count FROM `php34_goods` LIMIT 1   [ RunTime:0.000420s ]
SQL: SELECT * FROM `php34_goods` ORDER BY id asc LIMIT 0,4   [ RunTime:0.000479s ]

[ 2016-01-03T17:04:30+08:00 ] 127.0.0.1 /index.php/Admin/Goods/indexlst
INFO: [ app_init ] --START--
INFO: Run Behavior\BuildLiteBehavior [ RunTime:0.000032s ]
INFO: [ app_init ] --END-- [ RunTime:0.000583s ]
INFO: [ app_begin ] --START--
INFO: Run Behavior\ReadHtmlCacheBehavior [ RunTime:0.001053s ]
INFO: [ app_begin ] --END-- [ RunTime:0.001214s ]
SQL: SHOW COLUMNS FROM `php34_goods` [ RunTime:0.005884s ]
SQL: SELECT COUNT(*) AS tp_count FROM `php34_goods` LIMIT 1   [ RunTime:0.000276s ]
SQL: SELECT * FROM `php34_goods` ORDER BY id asc LIMIT 0,4   [ RunTime:0.000549s ]

[ 2016-01-03T17:04:32+08:00 ] 127.0.0.1 /Index.php/Admin/Goods/getGood?id=1
INFO: [ app_init ] --START--
INFO: Run Behavior\BuildLiteBehavior [ RunTime:0.000052s ]
INFO: [ app_init ] --END-- [ RunTime:0.000845s ]
INFO: [ app_begin ] --START--
INFO: Run Behavior\ReadHtmlCacheBehavior [ RunTime:0.001133s ]
INFO: [ app_begin ] --END-- [ RunTime:0.001382s ]
SQL: SHOW COLUMNS FROM `php34_goods` [ RunTime:0.007400s ]
SQL: SELECT * FROM `php34_goods` WHERE ( id=1 )  [ RunTime:0.000374s ]

[ 2016-01-03T17:07:32+08:00 ] 127.0.0.1 /
INFO: [ app_init ] --START--
INFO: Run Behavior\BuildLiteBehavior [ RunTime:0.000032s ]
INFO: [ app_init ] --END-- [ RunTime:0.000642s ]
INFO: [ app_begin ] --START--
INFO: Run Behavior\ReadHtmlCacheBehavior [ RunTime:0.000933s ]
INFO: [ app_begin ] --END-- [ RunTime:0.001201s ]
NOTIC: [2] Missing argument 1 for Think\Controller::show(), called in E:\guojiu_weixin\Application\Home\Controller\IndexController.class.php on line 7 and defined E:\guojiu_weixin\ThinkPHP\Library\Think\Controller.class.php 第 68 行.
NOTIC: [8] Undefined variable: content E:\guojiu_weixin\ThinkPHP\Library\Think\Controller.class.php 第 69 行.
INFO: [ view_parse ] --START--
INFO: [ template_filter ] --START--
INFO: Run Behavior\ContentReplaceBehavior [ RunTime:0.000092s ]
INFO: [ template_filter ] --END-- [ RunTime:0.000236s ]
INFO: Run Behavior\ParseTemplateBehavior [ RunTime:0.008641s ]
INFO: [ view_parse ] --END-- [ RunTime:0.008782s ]
INFO: [ view_filter ] --START--
INFO: Run Behavior\WriteHtmlCacheBehavior [ RunTime:0.000469s ]
INFO: [ view_filter ] --END-- [ RunTime:0.000600s ]
INFO: [ app_end ] --START--
INFO: Run Behavior\ShowPageTraceBehavior [ RunTime:0.000824s ]
INFO: [ app_end ] --END-- [ RunTime:0.000962s ]

[ 2016-01-03T17:07:32+08:00 ] 127.0.0.1 /Index.php/Admin/Goods/getGood?id=1
INFO: [ app_init ] --START--
INFO: Run Behavior\BuildLiteBehavior [ RunTime:0.000034s ]
INFO: [ app_init ] --END-- [ RunTime:0.000915s ]
INFO: [ app_begin ] --START--
INFO: Run Behavior\ReadHtmlCacheBehavior [ RunTime:0.003954s ]
INFO: [ app_begin ] --END-- [ RunTime:0.004158s ]
SQL: SHOW COLUMNS FROM `php34_goods` [ RunTime:0.007551s ]
SQL: SELECT * FROM `php34_goods` WHERE ( id=1 )  [ RunTime:0.000702s ]

[ 2016-01-03T17:07:33+08:00 ] 127.0.0.1 /index.php/Admin/Goods/indexlst
INFO: [ app_init ] --START--
INFO: Run Behavior\BuildLiteBehavior [ RunTime:0.000050s ]
INFO: [ app_init ] --END-- [ RunTime:0.000855s ]
INFO: [ app_begin ] --START--
INFO: Run Behavior\ReadHtmlCacheBehavior [ RunTime:0.001156s ]
INFO: [ app_begin ] --END-- [ RunTime:0.001401s ]
SQL: SHOW COLUMNS FROM `php34_goods` [ RunTime:0.004739s ]
SQL: SELECT COUNT(*) AS tp_count FROM `php34_goods` LIMIT 1   [ RunTime:0.000298s ]
SQL: SELECT * FROM `php34_goods` ORDER BY id asc LIMIT 0,4   [ RunTime:0.000689s ]

[ 2016-01-03T17:07:36+08:00 ] 127.0.0.1 /Index.php/Admin/Goods/getGood?id=2
INFO: [ app_init ] --START--
INFO: Run Behavior\BuildLiteBehavior [ RunTime:0.000036s ]
INFO: [ app_init ] --END-- [ RunTime:0.000627s ]
INFO: [ app_begin ] --START--
INFO: Run Behavior\ReadHtmlCacheBehavior [ RunTime:0.000808s ]
INFO: [ app_begin ] --END-- [ RunTime:0.000957s ]
SQL: SHOW COLUMNS FROM `php34_goods` [ RunTime:0.006215s ]
SQL: SELECT * FROM `php34_goods` WHERE ( id=2 )  [ RunTime:0.000399s ]

[ 2016-01-03T17:07:39+08:00 ] 127.0.0.1 /index.php/Admin/Goods/indexlst
INFO: [ app_init ] --START--
INFO: Run Behavior\BuildLiteBehavior [ RunTime:0.000053s ]
INFO: [ app_init ] --END-- [ RunTime:0.001059s ]
INFO: [ app_begin ] --START--
INFO: Run Behavior\ReadHtmlCacheBehavior [ RunTime:0.001144s ]
INFO: [ app_begin ] --END-- [ RunTime:0.001462s ]
SQL: SHOW COLUMNS FROM `php34_goods` [ RunTime:0.005781s ]
SQL: SELECT COUNT(*) AS tp_count FROM `php34_goods` LIMIT 1   [ RunTime:0.000384s ]
SQL: SELECT * FROM `php34_goods` ORDER BY id asc LIMIT 0,4   [ RunTime:0.000739s ]

[ 2016-01-03T17:07:41+08:00 ] 127.0.0.1 /Index.php/Admin/Goods/getGood?id=1
INFO: [ app_init ] --START--
INFO: Run Behavior\BuildLiteBehavior [ RunTime:0.000103s ]
INFO: [ app_init ] --END-- [ RunTime:0.000956s ]
INFO: [ app_begin ] --START--
INFO: Run Behavior\ReadHtmlCacheBehavior [ RunTime:0.001039s ]
INFO: [ app_begin ] --END-- [ RunTime:0.001197s ]
SQL: SHOW COLUMNS FROM `php34_goods` [ RunTime:0.007492s ]
SQL: SELECT * FROM `php34_goods` WHERE ( id=1 )  [ RunTime:0.000514s ]

[ 2016-01-03T17:07:43+08:00 ] 127.0.0.1 /index.php/Admin/Goods/indexlst
INFO: [ app_init ] --START--
INFO: Run Behavior\BuildLiteBehavior [ RunTime:0.000036s ]
INFO: [ app_init ] --END-- [ RunTime:0.000659s ]
INFO: [ app_begin ] --START--
INFO: Run Behavior\ReadHtmlCacheBehavior [ RunTime:0.000767s ]
INFO: [ app_begin ] --END-- [ RunTime:0.000924s ]
SQL: SHOW COLUMNS FROM `php34_goods` [ RunTime:0.004276s ]
SQL: SELECT COUNT(*) AS tp_count FROM `php34_goods` LIMIT 1   [ RunTime:0.000286s ]
SQL: SELECT * FROM `php34_goods` ORDER BY id asc LIMIT 0,4   [ RunTime:0.000499s ]

[ 2016-01-03T17:07:45+08:00 ] 127.0.0.1 /Index.php/Admin/Goods/getGood?id=2
INFO: [ app_init ] --START--
INFO: Run Behavior\BuildLiteBehavior [ RunTime:0.000035s ]
INFO: [ app_init ] --END-- [ RunTime:0.000716s ]
INFO: [ app_begin ] --START--
INFO: Run Behavior\ReadHtmlCacheBehavior [ RunTime:0.001535s ]
INFO: [ app_begin ] --END-- [ RunTime:0.001844s ]
SQL: SHOW COLUMNS FROM `php34_goods` [ RunTime:0.007074s ]
SQL: SELECT * FROM `php34_goods` WHERE ( id=2 )  [ RunTime:0.000498s ]

[ 2016-01-03T17:07:48+08:00 ] 127.0.0.1 /index.php/Admin/Goods/indexlst
INFO: [ app_init ] --START--
INFO: Run Behavior\BuildLiteBehavior [ RunTime:0.000038s ]
INFO: [ app_init ] --END-- [ RunTime:0.000665s ]
INFO: [ app_begin ] --START--
INFO: Run Behavior\ReadHtmlCacheBehavior [ RunTime:0.000791s ]
INFO: [ app_begin ] --END-- [ RunTime:0.000953s ]
SQL: SHOW COLUMNS FROM `php34_goods` [ RunTime:0.007195s ]
SQL: SELECT COUNT(*) AS tp_count FROM `php34_goods` LIMIT 1   [ RunTime:0.000285s ]
SQL: SELECT * FROM `php34_goods` ORDER BY id asc LIMIT 0,4   [ RunTime:0.001338s ]

[ 2016-01-03T17:07:50+08:00 ] 127.0.0.1 /Index.php/Admin/Goods/getGood?id=2
INFO: [ app_init ] --START--
INFO: Run Behavior\BuildLiteBehavior [ RunTime:0.000036s ]
INFO: [ app_init ] --END-- [ RunTime:0.000908s ]
INFO: [ app_begin ] --START--
INFO: Run Behavior\ReadHtmlCacheBehavior [ RunTime:0.000749s ]
INFO: [ app_begin ] --END-- [ RunTime:0.000893s ]
SQL: SHOW COLUMNS FROM `php34_goods` [ RunTime:0.005085s ]
SQL: SELECT * FROM `php34_goods` WHERE ( id=2 )  [ RunTime:0.000501s ]

[ 2016-01-03T17:07:52+08:00 ] 127.0.0.1 /index.php/Admin/Goods/indexlst
INFO: [ app_init ] --START--
INFO: Run Behavior\BuildLiteBehavior [ RunTime:0.000046s ]
INFO: [ app_init ] --END-- [ RunTime:0.000880s ]
INFO: [ app_begin ] --START--
INFO: Run Behavior\ReadHtmlCacheBehavior [ RunTime:0.000960s ]
INFO: [ app_begin ] --END-- [ RunTime:0.001124s ]
SQL: SHOW COLUMNS FROM `php34_goods` [ RunTime:0.006818s ]
SQL: SELECT COUNT(*) AS tp_count FROM `php34_goods` LIMIT 1   [ RunTime:0.000460s ]
SQL: SELECT * FROM `php34_goods` ORDER BY id asc LIMIT 0,4   [ RunTime:0.000899s ]

[ 2016-01-03T17:07:53+08:00 ] 127.0.0.1 /Index.php/Admin/Goods/getGood?id=3
INFO: [ app_init ] --START--
INFO: Run Behavior\BuildLiteBehavior [ RunTime:0.000033s ]
INFO: [ app_init ] --END-- [ RunTime:0.000745s ]
INFO: [ app_begin ] --START--
INFO: Run Behavior\ReadHtmlCacheBehavior [ RunTime:0.000898s ]
INFO: [ app_begin ] --END-- [ RunTime:0.001082s ]
SQL: SHOW COLUMNS FROM `php34_goods` [ RunTime:0.005345s ]
SQL: SELECT * FROM `php34_goods` WHERE ( id=3 )  [ RunTime:0.000536s ]

[ 2016-01-03T17:07:57+08:00 ] 127.0.0.1 /index.php/Admin/Goods/indexlst
INFO: [ app_init ] --START--
INFO: Run Behavior\BuildLiteBehavior [ RunTime:0.000054s ]
INFO: [ app_init ] --END-- [ RunTime:0.001002s ]
INFO: [ app_begin ] --START--
INFO: Run Behavior\ReadHtmlCacheBehavior [ RunTime:0.001435s ]
INFO: [ app_begin ] --END-- [ RunTime:0.001604s ]
SQL: SHOW COLUMNS FROM `php34_goods` [ RunTime:0.004865s ]
SQL: SELECT COUNT(*) AS tp_count FROM `php34_goods` LIMIT 1   [ RunTime:0.000385s ]
SQL: SELECT * FROM `php34_goods` ORDER BY id asc LIMIT 0,4   [ RunTime:0.000695s ]

[ 2016-01-03T17:07:58+08:00 ] 127.0.0.1 /Index.php/Admin/Goods/getGood?id=3
INFO: [ app_init ] --START--
INFO: Run Behavior\BuildLiteBehavior [ RunTime:0.000031s ]
INFO: [ app_init ] --END-- [ RunTime:0.000570s ]
INFO: [ app_begin ] --START--
INFO: Run Behavior\ReadHtmlCacheBehavior [ RunTime:0.000705s ]
INFO: [ app_begin ] --END-- [ RunTime:0.000844s ]
SQL: SHOW COLUMNS FROM `php34_goods` [ RunTime:0.007259s ]
SQL: SELECT * FROM `php34_goods` WHERE ( id=3 )  [ RunTime:0.000583s ]

[ 2016-01-03T17:08:04+08:00 ] 127.0.0.1 /index.php/Admin/Goods/indexlst
INFO: [ app_init ] --START--
INFO: Run Behavior\BuildLiteBehavior [ RunTime:0.000040s ]
INFO: [ app_init ] --END-- [ RunTime:0.000721s ]
INFO: [ app_begin ] --START--
INFO: Run Behavior\ReadHtmlCacheBehavior [ RunTime:0.001325s ]
INFO: [ app_begin ] --END-- [ RunTime:0.001545s ]
SQL: SHOW COLUMNS FROM `php34_goods` [ RunTime:0.009139s ]
SQL: SELECT COUNT(*) AS tp_count FROM `php34_goods` LIMIT 1   [ RunTime:0.001105s ]
SQL: SELECT * FROM `php34_goods` ORDER BY id asc LIMIT 0,4   [ RunTime:0.000820s ]

[ 2016-01-03T17:08:08+08:00 ] 127.0.0.1 /Index.php/Admin/Goods/getGood?id=1
INFO: [ app_init ] --START--
INFO: Run Behavior\BuildLiteBehavior [ RunTime:0.000036s ]
INFO: [ app_init ] --END-- [ RunTime:0.000781s ]
INFO: [ app_begin ] --START--
INFO: Run Behavior\ReadHtmlCacheBehavior [ RunTime:0.000939s ]
INFO: [ app_begin ] --END-- [ RunTime:0.001090s ]
SQL: SHOW COLUMNS FROM `php34_goods` [ RunTime:0.007207s ]
SQL: SELECT * FROM `php34_goods` WHERE ( id=1 )  [ RunTime:0.001356s ]

[ 2016-01-03T17:08:12+08:00 ] 127.0.0.1 /index.php/Admin/Goods/indexlst
INFO: [ app_init ] --START--
INFO: Run Behavior\BuildLiteBehavior [ RunTime:0.000052s ]
INFO: [ app_init ] --END-- [ RunTime:0.000811s ]
INFO: [ app_begin ] --START--
INFO: Run Behavior\ReadHtmlCacheBehavior [ RunTime:0.001298s ]
INFO: [ app_begin ] --END-- [ RunTime:0.001535s ]
SQL: SHOW COLUMNS FROM `php34_goods` [ RunTime:0.006720s ]
SQL: SELECT COUNT(*) AS tp_count FROM `php34_goods` LIMIT 1   [ RunTime:0.000269s ]
SQL: SELECT * FROM `php34_goods` ORDER BY id asc LIMIT 0,4   [ RunTime:0.000485s ]

[ 2016-01-03T17:08:26+08:00 ] 127.0.0.1 /Index.php/Admin/Goods/getGood?id=4
INFO: [ app_init ] --START--
INFO: Run Behavior\BuildLiteBehavior [ RunTime:0.000032s ]
INFO: [ app_init ] --END-- [ RunTime:0.000630s ]
INFO: [ app_begin ] --START--
INFO: Run Behavior\ReadHtmlCacheBehavior [ RunTime:0.000806s ]
INFO: [ app_begin ] --END-- [ RunTime:0.000953s ]
SQL: SHOW COLUMNS FROM `php34_goods` [ RunTime:0.005375s ]
SQL: SELECT * FROM `php34_goods` WHERE ( id=4 )  [ RunTime:0.000376s ]

[ 2016-01-03T17:08:43+08:00 ] 127.0.0.1 /Index.php/Admin/Goods/getGood?id=2
INFO: [ app_init ] --START--
INFO: Run Behavior\BuildLiteBehavior [ RunTime:0.000048s ]
INFO: [ app_init ] --END-- [ RunTime:0.000869s ]
INFO: [ app_begin ] --START--
INFO: Run Behavior\ReadHtmlCacheBehavior [ RunTime:0.001045s ]
INFO: [ app_begin ] --END-- [ RunTime:0.001257s ]
SQL: SHOW COLUMNS FROM `php34_goods` [ RunTime:0.005755s ]
SQL: SELECT * FROM `php34_goods` WHERE ( id=2 )  [ RunTime:0.000410s ]

[ 2016-01-03T17:08:48+08:00 ] 127.0.0.1 /Index.php/Admin/Order/add
INFO: [ app_init ] --START--
INFO: Run Behavior\BuildLiteBehavior [ RunTime:0.000030s ]
INFO: [ app_init ] --END-- [ RunTime:0.000687s ]
INFO: [ app_begin ] --START--
INFO: Run Behavior\ReadHtmlCacheBehavior [ RunTime:0.000703s ]
INFO: [ app_begin ] --END-- [ RunTime:0.000842s ]
SQL: SHOW COLUMNS FROM `php34_order` [ RunTime:0.078404s ]
SQL: INSERT INTO `php34_order` (`user_name`,`phone`,`addr`,`goodid`,`goodnum`) VALUES ('','','','2',4) [ RunTime:0.030612s ]

[ 2016-01-03T17:08:48+08:00 ] 127.0.0.1 /Index.php/Admin/Order/add
INFO: [ app_init ] --START--
INFO: Run Behavior\BuildLiteBehavior [ RunTime:0.000030s ]
INFO: [ app_init ] --END-- [ RunTime:0.000641s ]
INFO: [ app_begin ] --START--
INFO: Run Behavior\ReadHtmlCacheBehavior [ RunTime:0.000833s ]
INFO: [ app_begin ] --END-- [ RunTime:0.000972s ]
SQL: SHOW COLUMNS FROM `php34_order` [ RunTime:0.006095s ]
SQL: INSERT INTO `php34_order` (`user_name`,`phone`,`addr`,`goodid`,`goodnum`) VALUES ('','','','2',4) [ RunTime:0.000614s ]

[ 2016-01-03T17:08:52+08:00 ] 127.0.0.1 /index.php/Admin/Goods/indexlst
INFO: [ app_init ] --START--
INFO: Run Behavior\BuildLiteBehavior [ RunTime:0.000050s ]
INFO: [ app_init ] --END-- [ RunTime:0.000960s ]
INFO: [ app_begin ] --START--
INFO: Run Behavior\ReadHtmlCacheBehavior [ RunTime:0.001058s ]
INFO: [ app_begin ] --END-- [ RunTime:0.001268s ]
SQL: SHOW COLUMNS FROM `php34_goods` [ RunTime:0.007327s ]
SQL: SELECT COUNT(*) AS tp_count FROM `php34_goods` LIMIT 1   [ RunTime:0.001130s ]
SQL: SELECT * FROM `php34_goods` ORDER BY id asc LIMIT 0,4   [ RunTime:0.000477s ]

[ 2016-01-03T17:08:54+08:00 ] 127.0.0.1 /Index.php/Admin/Goods/getGood?id=2
INFO: [ app_init ] --START--
INFO: Run Behavior\BuildLiteBehavior [ RunTime:0.000031s ]
INFO: [ app_init ] --END-- [ RunTime:0.000562s ]
INFO: [ app_begin ] --START--
INFO: Run Behavior\ReadHtmlCacheBehavior [ RunTime:0.000714s ]
INFO: [ app_begin ] --END-- [ RunTime:0.000852s ]
SQL: SHOW COLUMNS FROM `php34_goods` [ RunTime:0.008374s ]
SQL: SELECT * FROM `php34_goods` WHERE ( id=2 )  [ RunTime:0.000571s ]

[ 2016-01-03T17:09:11+08:00 ] 127.0.0.1 /
INFO: [ app_init ] --START--
INFO: Run Behavior\BuildLiteBehavior [ RunTime:0.000035s ]
INFO: [ app_init ] --END-- [ RunTime:0.000737s ]
INFO: [ app_begin ] --START--
INFO: Run Behavior\ReadHtmlCacheBehavior [ RunTime:0.000907s ]
INFO: [ app_begin ] --END-- [ RunTime:0.001117s ]
NOTIC: [2] Missing argument 1 for Think\Controller::show(), called in E:\guojiu_weixin\Application\Home\Controller\IndexController.class.php on line 7 and defined E:\guojiu_weixin\ThinkPHP\Library\Think\Controller.class.php 第 68 行.
NOTIC: [8] Undefined variable: content E:\guojiu_weixin\ThinkPHP\Library\Think\Controller.class.php 第 69 行.
INFO: [ view_parse ] --START--
INFO: [ template_filter ] --START--
INFO: Run Behavior\ContentReplaceBehavior [ RunTime:0.000084s ]
INFO: [ template_filter ] --END-- [ RunTime:0.000234s ]
INFO: Run Behavior\ParseTemplateBehavior [ RunTime:0.010080s ]
INFO: [ view_parse ] --END-- [ RunTime:0.010219s ]
INFO: [ view_filter ] --START--
INFO: Run Behavior\WriteHtmlCacheBehavior [ RunTime:0.000675s ]
INFO: [ view_filter ] --END-- [ RunTime:0.000805s ]
INFO: [ app_end ] --START--
INFO: Run Behavior\ShowPageTraceBehavior [ RunTime:0.000906s ]
INFO: [ app_end ] --END-- [ RunTime:0.001038s ]

[ 2016-01-03T17:09:11+08:00 ] 127.0.0.1 /Index.php/Admin/Goods/getGood?id=2
INFO: [ app_init ] --START--
INFO: Run Behavior\BuildLiteBehavior [ RunTime:0.000052s ]
INFO: [ app_init ] --END-- [ RunTime:0.001056s ]
INFO: [ app_begin ] --START--
INFO: Run Behavior\ReadHtmlCacheBehavior [ RunTime:0.001239s ]
INFO: [ app_begin ] --END-- [ RunTime:0.001501s ]
SQL: SHOW COLUMNS FROM `php34_goods` [ RunTime:0.005533s ]
SQL: SELECT * FROM `php34_goods` WHERE ( id=2 )  [ RunTime:0.000703s ]

[ 2016-01-03T17:09:13+08:00 ] 127.0.0.1 /index.php/Admin/Goods/indexlst
INFO: [ app_init ] --START--
INFO: Run Behavior\BuildLiteBehavior [ RunTime:0.000053s ]
INFO: [ app_init ] --END-- [ RunTime:0.001251s ]
INFO: [ app_begin ] --START--
INFO: Run Behavior\ReadHtmlCacheBehavior [ RunTime:0.001126s ]
INFO: [ app_begin ] --END-- [ RunTime:0.001352s ]
SQL: SHOW COLUMNS FROM `php34_goods` [ RunTime:0.006191s ]
SQL: SELECT COUNT(*) AS tp_count FROM `php34_goods` LIMIT 1   [ RunTime:0.000292s ]
SQL: SELECT * FROM `php34_goods` ORDER BY id asc LIMIT 0,4   [ RunTime:0.000511s ]

[ 2016-01-03T17:09:15+08:00 ] 127.0.0.1 /Index.php/Admin/Goods/getGood?id=2
INFO: [ app_init ] --START--
INFO: Run Behavior\BuildLiteBehavior [ RunTime:0.000032s ]
INFO: [ app_init ] --END-- [ RunTime:0.000616s ]
INFO: [ app_begin ] --START--
INFO: Run Behavior\ReadHtmlCacheBehavior [ RunTime:0.000819s ]
INFO: [ app_begin ] --END-- [ RunTime:0.000965s ]
SQL: SHOW COLUMNS FROM `php34_goods` [ RunTime:0.007348s ]
SQL: SELECT * FROM `php34_goods` WHERE ( id=2 )  [ RunTime:0.000757s ]

[ 2016-01-03T17:09:18+08:00 ] 127.0.0.1 /index.php/Admin/Goods/indexlst
INFO: [ app_init ] --START--
INFO: Run Behavior\BuildLiteBehavior [ RunTime:0.000049s ]
INFO: [ app_init ] --END-- [ RunTime:0.000886s ]
INFO: [ app_begin ] --START--
INFO: Run Behavior\ReadHtmlCacheBehavior [ RunTime:0.001061s ]
INFO: [ app_begin ] --END-- [ RunTime:0.001302s ]
SQL: SHOW COLUMNS FROM `php34_goods` [ RunTime:0.005321s ]
SQL: SELECT COUNT(*) AS tp_count FROM `php34_goods` LIMIT 1   [ RunTime:0.000271s ]
SQL: SELECT * FROM `php34_goods` ORDER BY id asc LIMIT 0,4   [ RunTime:0.000445s ]

[ 2016-01-03T17:09:19+08:00 ] 127.0.0.1 /Index.php/Admin/Goods/getGood?id=1
INFO: [ app_init ] --START--
INFO: Run Behavior\BuildLiteBehavior [ RunTime:0.000035s ]
INFO: [ app_init ] --END-- [ RunTime:0.000839s ]
INFO: [ app_begin ] --START--
INFO: Run Behavior\ReadHtmlCacheBehavior [ RunTime:0.001013s ]
INFO: [ app_begin ] --END-- [ RunTime:0.001201s ]
SQL: SHOW COLUMNS FROM `php34_goods` [ RunTime:0.004641s ]
SQL: SELECT * FROM `php34_goods` WHERE ( id=1 )  [ RunTime:0.000422s ]

[ 2016-01-03T17:09:22+08:00 ] 127.0.0.1 /index.php/Admin/Goods/indexlst
INFO: [ app_init ] --START--
INFO: Run Behavior\BuildLiteBehavior [ RunTime:0.000053s ]
INFO: [ app_init ] --END-- [ RunTime:0.000923s ]
INFO: [ app_begin ] --START--
INFO: Run Behavior\ReadHtmlCacheBehavior [ RunTime:0.001111s ]
INFO: [ app_begin ] --END-- [ RunTime:0.001358s ]
SQL: SHOW COLUMNS FROM `php34_goods` [ RunTime:0.005117s ]
SQL: SELECT COUNT(*) AS tp_count FROM `php34_goods` LIMIT 1   [ RunTime:0.000298s ]
SQL: SELECT * FROM `php34_goods` ORDER BY id asc LIMIT 0,4   [ RunTime:0.000553s ]

[ 2016-01-03T17:09:23+08:00 ] 127.0.0.1 /Index.php/Admin/Goods/getGood?id=2
INFO: [ app_init ] --START--
INFO: Run Behavior\BuildLiteBehavior [ RunTime:0.000040s ]
INFO: [ app_init ] --END-- [ RunTime:0.001100s ]
INFO: [ app_begin ] --START--
INFO: Run Behavior\ReadHtmlCacheBehavior [ RunTime:0.001461s ]
INFO: [ app_begin ] --END-- [ RunTime:0.001622s ]
SQL: SHOW COLUMNS FROM `php34_goods` [ RunTime:0.006372s ]
SQL: SELECT * FROM `php34_goods` WHERE ( id=2 )  [ RunTime:0.000408s ]

[ 2016-01-03T17:09:26+08:00 ] 127.0.0.1 /index.php/Admin/Goods/indexlst
INFO: [ app_init ] --START--
INFO: Run Behavior\BuildLiteBehavior [ RunTime:0.000053s ]
INFO: [ app_init ] --END-- [ RunTime:0.001133s ]
INFO: [ app_begin ] --START--
INFO: Run Behavior\ReadHtmlCacheBehavior [ RunTime:0.001027s ]
INFO: [ app_begin ] --END-- [ RunTime:0.001235s ]
SQL: SHOW COLUMNS FROM `php34_goods` [ RunTime:0.004867s ]
SQL: SELECT COUNT(*) AS tp_count FROM `php34_goods` LIMIT 1   [ RunTime:0.000336s ]
SQL: SELECT * FROM `php34_goods` ORDER BY id asc LIMIT 0,4   [ RunTime:0.000458s ]

[ 2016-01-03T17:09:28+08:00 ] 127.0.0.1 /Index.php/Admin/Goods/getGood?id=3
INFO: [ app_init ] --START--
INFO: Run Behavior\BuildLiteBehavior [ RunTime:0.000034s ]
INFO: [ app_init ] --END-- [ RunTime:0.000647s ]
INFO: [ app_begin ] --START--
INFO: Run Behavior\ReadHtmlCacheBehavior [ RunTime:0.000902s ]
INFO: [ app_begin ] --END-- [ RunTime:0.001049s ]
SQL: SHOW COLUMNS FROM `php34_goods` [ RunTime:0.008902s ]
SQL: SELECT * FROM `php34_goods` WHERE ( id=3 )  [ RunTime:0.000483s ]

[ 2016-01-03T17:09:34+08:00 ] 127.0.0.1 /Index.php/Admin/Goods/getGood?id=2
INFO: [ app_init ] --START--
INFO: Run Behavior\BuildLiteBehavior [ RunTime:0.000067s ]
INFO: [ app_init ] --END-- [ RunTime:0.000993s ]
INFO: [ app_begin ] --START--
INFO: Run Behavior\ReadHtmlCacheBehavior [ RunTime:0.001092s ]
INFO: [ app_begin ] --END-- [ RunTime:0.001342s ]
SQL: SHOW COLUMNS FROM `php34_goods` [ RunTime:0.007182s ]
SQL: SELECT * FROM `php34_goods` WHERE ( id=2 )  [ RunTime:0.000814s ]

[ 2016-01-03T17:09:42+08:00 ] 127.0.0.1 /
INFO: [ app_init ] --START--
INFO: Run Behavior\BuildLiteBehavior [ RunTime:0.000074s ]
INFO: [ app_init ] --END-- [ RunTime:0.001251s ]
INFO: [ app_begin ] --START--
INFO: Run Behavior\ReadHtmlCacheBehavior [ RunTime:0.001014s ]
INFO: [ app_begin ] --END-- [ RunTime:0.001192s ]
NOTIC: [2] Missing argument 1 for Think\Controller::show(), called in E:\guojiu_weixin\Application\Home\Controller\IndexController.class.php on line 7 and defined E:\guojiu_weixin\ThinkPHP\Library\Think\Controller.class.php 第 68 行.
NOTIC: [8] Undefined variable: content E:\guojiu_weixin\ThinkPHP\Library\Think\Controller.class.php 第 69 行.
INFO: [ view_parse ] --START--
INFO: [ template_filter ] --START--
INFO: Run Behavior\ContentReplaceBehavior [ RunTime:0.000083s ]
INFO: [ template_filter ] --END-- [ RunTime:0.000225s ]
INFO: Run Behavior\ParseTemplateBehavior [ RunTime:0.009297s ]
INFO: [ view_parse ] --END-- [ RunTime:0.009443s ]
INFO: [ view_filter ] --START--
INFO: Run Behavior\WriteHtmlCacheBehavior [ RunTime:0.000562s ]
INFO: [ view_filter ] --END-- [ RunTime:0.000687s ]
INFO: [ app_end ] --START--
INFO: Run Behavior\ShowPageTraceBehavior [ RunTime:0.000862s ]
INFO: [ app_end ] --END-- [ RunTime:0.000991s ]

[ 2016-01-03T17:09:42+08:00 ] 127.0.0.1 /Index.php/Admin/Goods/getGood?id=2
INFO: [ app_init ] --START--
INFO: Run Behavior\BuildLiteBehavior [ RunTime:0.000051s ]
INFO: [ app_init ] --END-- [ RunTime:0.001130s ]
INFO: [ app_begin ] --START--
INFO: Run Behavior\ReadHtmlCacheBehavior [ RunTime:0.001356s ]
INFO: [ app_begin ] --END-- [ RunTime:0.001627s ]
SQL: SHOW COLUMNS FROM `php34_goods` [ RunTime:0.007132s ]
SQL: SELECT * FROM `php34_goods` WHERE ( id=2 )  [ RunTime:0.000640s ]

[ 2016-01-03T17:09:42+08:00 ] 127.0.0.1 /
INFO: [ app_init ] --START--
INFO: Run Behavior\BuildLiteBehavior [ RunTime:0.000052s ]
INFO: [ app_init ] --END-- [ RunTime:0.000721s ]
INFO: [ app_begin ] --START--
INFO: Run Behavior\ReadHtmlCacheBehavior [ RunTime:0.000850s ]
INFO: [ app_begin ] --END-- [ RunTime:0.001045s ]
NOTIC: [2] Missing argument 1 for Think\Controller::show(), called in E:\guojiu_weixin\Application\Home\Controller\IndexController.class.php on line 7 and defined E:\guojiu_weixin\ThinkPHP\Library\Think\Controller.class.php 第 68 行.
NOTIC: [8] Undefined variable: content E:\guojiu_weixin\ThinkPHP\Library\Think\Controller.class.php 第 69 行.
INFO: [ view_parse ] --START--
INFO: [ template_filter ] --START--
INFO: Run Behavior\ContentReplaceBehavior [ RunTime:0.000084s ]
INFO: [ template_filter ] --END-- [ RunTime:0.000238s ]
INFO: Run Behavior\ParseTemplateBehavior [ RunTime:0.010784s ]
INFO: [ view_parse ] --END-- [ RunTime:0.010972s ]
INFO: [ view_filter ] --START--
INFO: Run Behavior\WriteHtmlCacheBehavior [ RunTime:0.000565s ]
INFO: [ view_filter ] --END-- [ RunTime:0.000752s ]
INFO: [ app_end ] --START--
INFO: Run Behavior\ShowPageTraceBehavior [ RunTime:0.001137s ]
INFO: [ app_end ] --END-- [ RunTime:0.001340s ]

[ 2016-01-03T17:09:43+08:00 ] 127.0.0.1 /Index.php/Admin/Goods/getGood?id=2
INFO: [ app_init ] --START--
INFO: Run Behavior\BuildLiteBehavior [ RunTime:0.000036s ]
INFO: [ app_init ] --END-- [ RunTime:0.000703s ]
INFO: [ app_begin ] --START--
INFO: Run Behavior\ReadHtmlCacheBehavior [ RunTime:0.000919s ]
INFO: [ app_begin ] --END-- [ RunTime:0.001082s ]
SQL: SHOW COLUMNS FROM `php34_goods` [ RunTime:0.006705s ]
SQL: SELECT * FROM `php34_goods` WHERE ( id=2 )  [ RunTime:0.000436s ]

[ 2016-01-03T17:09:43+08:00 ] 127.0.0.1 /
INFO: [ app_init ] --START--
INFO: Run Behavior\BuildLiteBehavior [ RunTime:0.000053s ]
INFO: [ app_init ] --END-- [ RunTime:0.000875s ]
INFO: [ app_begin ] --START--
INFO: Run Behavior\ReadHtmlCacheBehavior [ RunTime:0.001032s ]
INFO: [ app_begin ] --END-- [ RunTime:0.001265s ]
NOTIC: [2] Missing argument 1 for Think\Controller::show(), called in E:\guojiu_weixin\Application\Home\Controller\IndexController.class.php on line 7 and defined E:\guojiu_weixin\ThinkPHP\Library\Think\Controller.class.php 第 68 行.
NOTIC: [8] Undefined variable: content E:\guojiu_weixin\ThinkPHP\Library\Think\Controller.class.php 第 69 行.
INFO: [ view_parse ] --START--
INFO: [ template_filter ] --START--
INFO: Run Behavior\ContentReplaceBehavior [ RunTime:0.000084s ]
INFO: [ template_filter ] --END-- [ RunTime:0.000232s ]
INFO: Run Behavior\ParseTemplateBehavior [ RunTime:0.010858s ]
INFO: [ view_parse ] --END-- [ RunTime:0.011075s ]
INFO: [ view_filter ] --START--
INFO: Run Behavior\WriteHtmlCacheBehavior [ RunTime:0.000467s ]
INFO: [ view_filter ] --END-- [ RunTime:0.000592s ]
INFO: [ app_end ] --START--
INFO: Run Behavior\ShowPageTraceBehavior [ RunTime:0.000927s ]
INFO: [ app_end ] --END-- [ RunTime:0.001074s ]

[ 2016-01-03T17:09:43+08:00 ] 127.0.0.1 /Index.php/Admin/Goods/getGood?id=2
INFO: [ app_init ] --START--
INFO: Run Behavior\BuildLiteBehavior [ RunTime:0.000052s ]
INFO: [ app_init ] --END-- [ RunTime:0.000964s ]
INFO: [ app_begin ] --START--
INFO: Run Behavior\ReadHtmlCacheBehavior [ RunTime:0.001552s ]
INFO: [ app_begin ] --END-- [ RunTime:0.001812s ]
SQL: SHOW COLUMNS FROM `php34_goods` [ RunTime:0.005261s ]
SQL: SELECT * FROM `php34_goods` WHERE ( id=2 )  [ RunTime:0.000438s ]

[ 2016-01-03T17:09:44+08:00 ] 127.0.0.1 /
INFO: [ app_init ] --START--
INFO: Run Behavior\BuildLiteBehavior [ RunTime:0.000030s ]
INFO: [ app_init ] --END-- [ RunTime:0.000548s ]
INFO: [ app_begin ] --START--
INFO: Run Behavior\ReadHtmlCacheBehavior [ RunTime:0.000832s ]
INFO: [ app_begin ] --END-- [ RunTime:0.000973s ]
NOTIC: [2] Missing argument 1 for Think\Controller::show(), called in E:\guojiu_weixin\Application\Home\Controller\IndexController.class.php on line 7 and defined E:\guojiu_weixin\ThinkPHP\Library\Think\Controller.class.php 第 68 行.
NOTIC: [8] Undefined variable: content E:\guojiu_weixin\ThinkPHP\Library\Think\Controller.class.php 第 69 行.
INFO: [ view_parse ] --START--
INFO: [ template_filter ] --START--
INFO: Run Behavior\ContentReplaceBehavior [ RunTime:0.000087s ]
INFO: [ template_filter ] --END-- [ RunTime:0.000246s ]
INFO: Run Behavior\ParseTemplateBehavior [ RunTime:0.010685s ]
INFO: [ view_parse ] --END-- [ RunTime:0.010825s ]
INFO: [ view_filter ] --START--
INFO: Run Behavior\WriteHtmlCacheBehavior [ RunTime:0.000546s ]
INFO: [ view_filter ] --END-- [ RunTime:0.000671s ]
INFO: [ app_end ] --START--
INFO: Run Behavior\ShowPageTraceBehavior [ RunTime:0.000836s ]
INFO: [ app_end ] --END-- [ RunTime:0.000981s ]

[ 2016-01-03T17:09:44+08:00 ] 127.0.0.1 /Index.php/Admin/Goods/getGood?id=2
INFO: [ app_init ] --START--
INFO: Run Behavior\BuildLiteBehavior [ RunTime:0.000051s ]
INFO: [ app_init ] --END-- [ RunTime:0.000979s ]
INFO: [ app_begin ] --START--
INFO: Run Behavior\ReadHtmlCacheBehavior [ RunTime:0.001291s ]
INFO: [ app_begin ] --END-- [ RunTime:0.001634s ]
SQL: SHOW COLUMNS FROM `php34_goods` [ RunTime:0.004995s ]
SQL: SELECT * FROM `php34_goods` WHERE ( id=2 )  [ RunTime:0.000485s ]

[ 2016-01-03T17:10:36+08:00 ] 127.0.0.1 /index.php/Admin/Goods/indexlst
INFO: [ app_init ] --START--
INFO: Run Behavior\BuildLiteBehavior [ RunTime:0.000032s ]
INFO: [ app_init ] --END-- [ RunTime:0.000589s ]
INFO: [ app_begin ] --START--
INFO: Run Behavior\ReadHtmlCacheBehavior [ RunTime:0.000723s ]
INFO: [ app_begin ] --END-- [ RunTime:0.000859s ]
SQL: SHOW COLUMNS FROM `php34_goods` [ RunTime:0.005507s ]
SQL: SELECT COUNT(*) AS tp_count FROM `php34_goods` LIMIT 1   [ RunTime:0.000281s ]
SQL: SELECT * FROM `php34_goods` ORDER BY id asc LIMIT 0,4   [ RunTime:0.000612s ]

[ 2016-01-03T17:10:39+08:00 ] 127.0.0.1 /Index.php/Admin/Goods/getGood?id=1
INFO: [ app_init ] --START--
INFO: Run Behavior\BuildLiteBehavior [ RunTime:0.000052s ]
INFO: [ app_init ] --END-- [ RunTime:0.001049s ]
INFO: [ app_begin ] --START--
INFO: Run Behavior\ReadHtmlCacheBehavior [ RunTime:0.001121s ]
INFO: [ app_begin ] --END-- [ RunTime:0.001360s ]
SQL: SHOW COLUMNS FROM `php34_goods` [ RunTime:0.006128s ]
SQL: SELECT * FROM `php34_goods` WHERE ( id=1 )  [ RunTime:0.000727s ]

[ 2016-01-03T17:10:43+08:00 ] 127.0.0.1 /Index.php/Admin/Goods/getGood?id=2
INFO: [ app_init ] --START--
INFO: Run Behavior\BuildLiteBehavior [ RunTime:0.000057s ]
INFO: [ app_init ] --END-- [ RunTime:0.000885s ]
INFO: [ app_begin ] --START--
INFO: Run Behavior\ReadHtmlCacheBehavior [ RunTime:0.001105s ]
INFO: [ app_begin ] --END-- [ RunTime:0.001357s ]
SQL: SHOW COLUMNS FROM `php34_goods` [ RunTime:0.005555s ]
SQL: SELECT * FROM `php34_goods` WHERE ( id=2 )  [ RunTime:0.000499s ]

[ 2016-01-03T17:10:46+08:00 ] 127.0.0.1 /index.php/Admin/Goods/indexlst
INFO: [ app_init ] --START--
INFO: Run Behavior\BuildLiteBehavior [ RunTime:0.000033s ]
INFO: [ app_init ] --END-- [ RunTime:0.000793s ]
INFO: [ app_begin ] --START--
INFO: Run Behavior\ReadHtmlCacheBehavior [ RunTime:0.001101s ]
INFO: [ app_begin ] --END-- [ RunTime:0.001333s ]
SQL: SHOW COLUMNS FROM `php34_goods` [ RunTime:0.006024s ]
SQL: SELECT COUNT(*) AS tp_count FROM `php34_goods` LIMIT 1   [ RunTime:0.000338s ]
SQL: SELECT * FROM `php34_goods` ORDER BY id asc LIMIT 0,4   [ RunTime:0.000540s ]

[ 2016-01-03T17:10:49+08:00 ] 127.0.0.1 /Index.php/Admin/Goods/getGood?id=3
INFO: [ app_init ] --START--
INFO: Run Behavior\BuildLiteBehavior [ RunTime:0.000050s ]
INFO: [ app_init ] --END-- [ RunTime:0.001165s ]
INFO: [ app_begin ] --START--
INFO: Run Behavior\ReadHtmlCacheBehavior [ RunTime:0.001164s ]
INFO: [ app_begin ] --END-- [ RunTime:0.001402s ]
SQL: SHOW COLUMNS FROM `php34_goods` [ RunTime:0.004892s ]
SQL: SELECT * FROM `php34_goods` WHERE ( id=3 )  [ RunTime:0.000445s ]

[ 2016-01-03T17:10:52+08:00 ] 127.0.0.1 /Index.php/Admin/Goods/getGood?id=2
INFO: [ app_init ] --START--
INFO: Run Behavior\BuildLiteBehavior [ RunTime:0.000050s ]
INFO: [ app_init ] --END-- [ RunTime:0.000941s ]
INFO: [ app_begin ] --START--
INFO: Run Behavior\ReadHtmlCacheBehavior [ RunTime:0.001070s ]
INFO: [ app_begin ] --END-- [ RunTime:0.001298s ]
SQL: SHOW COLUMNS FROM `php34_goods` [ RunTime:0.005426s ]
SQL: SELECT * FROM `php34_goods` WHERE ( id=2 )  [ RunTime:0.000517s ]

[ 2016-01-03T17:10:55+08:00 ] 127.0.0.1 /index.php/Admin/Goods/indexlst
INFO: [ app_init ] --START--
INFO: Run Behavior\BuildLiteBehavior [ RunTime:0.000032s ]
INFO: [ app_init ] --END-- [ RunTime:0.000564s ]
INFO: [ app_begin ] --START--
INFO: Run Behavior\ReadHtmlCacheBehavior [ RunTime:0.000694s ]
INFO: [ app_begin ] --END-- [ RunTime:0.000831s ]
SQL: SHOW COLUMNS FROM `php34_goods` [ RunTime:0.005311s ]
SQL: SELECT COUNT(*) AS tp_count FROM `php34_goods` LIMIT 1   [ RunTime:0.000754s ]
SQL: SELECT * FROM `php34_goods` ORDER BY id asc LIMIT 0,4   [ RunTime:0.000646s ]

[ 2016-01-03T17:10:57+08:00 ] 127.0.0.1 /Index.php/Admin/Goods/getGood?id=2
INFO: [ app_init ] --START--
INFO: Run Behavior\BuildLiteBehavior [ RunTime:0.000032s ]
INFO: [ app_init ] --END-- [ RunTime:0.000574s ]
INFO: [ app_begin ] --START--
INFO: Run Behavior\ReadHtmlCacheBehavior [ RunTime:0.000677s ]
INFO: [ app_begin ] --END-- [ RunTime:0.000806s ]
SQL: SHOW COLUMNS FROM `php34_goods` [ RunTime:0.006809s ]
SQL: SELECT * FROM `php34_goods` WHERE ( id=2 )  [ RunTime:0.000725s ]

[ 2016-01-03T17:11:42+08:00 ] 127.0.0.1 /index.php/Admin/Goods/indexlst
INFO: [ app_init ] --START--
INFO: Run Behavior\BuildLiteBehavior [ RunTime:0.000046s ]
INFO: [ app_init ] --END-- [ RunTime:0.000833s ]
INFO: [ app_begin ] --START--
INFO: Run Behavior\ReadHtmlCacheBehavior [ RunTime:0.000829s ]
INFO: [ app_begin ] --END-- [ RunTime:0.000968s ]
SQL: SHOW COLUMNS FROM `php34_goods` [ RunTime:0.006312s ]
SQL: SELECT COUNT(*) AS tp_count FROM `php34_goods` LIMIT 1   [ RunTime:0.000435s ]
SQL: SELECT * FROM `php34_goods` ORDER BY id asc LIMIT 0,4   [ RunTime:0.000694s ]

[ 2016-01-03T17:11:44+08:00 ] 127.0.0.1 /Index.php/Admin/Goods/getGood?id=1
INFO: [ app_init ] --START--
INFO: Run Behavior\BuildLiteBehavior [ RunTime:0.000036s ]
INFO: [ app_init ] --END-- [ RunTime:0.000657s ]
INFO: [ app_begin ] --START--
INFO: Run Behavior\ReadHtmlCacheBehavior [ RunTime:0.000906s ]
INFO: [ app_begin ] --END-- [ RunTime:0.001053s ]
SQL: SHOW COLUMNS FROM `php34_goods` [ RunTime:0.007705s ]
SQL: SELECT * FROM `php34_goods` WHERE ( id=1 )  [ RunTime:0.000411s ]

[ 2016-01-03T17:11:46+08:00 ] 127.0.0.1 /index.php/Admin/Goods/indexlst
INFO: [ app_init ] --START--
INFO: Run Behavior\BuildLiteBehavior [ RunTime:0.000054s ]
INFO: [ app_init ] --END-- [ RunTime:0.001050s ]
INFO: [ app_begin ] --START--
INFO: Run Behavior\ReadHtmlCacheBehavior [ RunTime:0.000778s ]
INFO: [ app_begin ] --END-- [ RunTime:0.000933s ]
SQL: SHOW COLUMNS FROM `php34_goods` [ RunTime:0.004684s ]
SQL: SELECT COUNT(*) AS tp_count FROM `php34_goods` LIMIT 1   [ RunTime:0.000268s ]
SQL: SELECT * FROM `php34_goods` ORDER BY id asc LIMIT 0,4   [ RunTime:0.000515s ]

